<?xml version="1.0" encoding="UTF-8"?>
<!-- Generated by org.testng.reporters.JUnitReportReporter -->
<testsuite hostname="LAPTOP-1ATVOVSF" failures="0" tests="2" name="com.test.GoogleTitleTest" time="7.899" errors="0" timestamp="2021-07-02T18:24:18 IST" skipped="0">
  <testcase classname="com.test.GoogleTitleTest" name="googleLogoTest" time="4.361"/>
  <system-out/>
  <testcase classname="com.test.GoogleTitleTest" name="googleTitleTest" time="3.538"/>
  <system-out/>
</testsuite> <!-- com.test.GoogleTitleTest -->
