<?xml version="1.0" encoding="UTF-8"?>
<!-- Generated by org.testng.reporters.JUnitReportReporter -->
<testsuite hostname="LAPTOP-1ATVOVSF" failures="0" tests="10" name="com.test.InvocationTest" time="0.013" errors="0" timestamp="2021-07-02T18:24:18 IST" skipped="0">
  <testcase classname="com.test.InvocationTest" name="sum" time="0.001"/>
  <system-out/>
  <testcase classname="com.test.InvocationTest" name="sum" time="0.001"/>
  <system-out/>
  <testcase classname="com.test.InvocationTest" name="sum" time="0.002"/>
  <system-out/>
  <testcase classname="com.test.InvocationTest" name="sum" time="0.001"/>
  <system-out/>
  <testcase classname="com.test.InvocationTest" name="sum" time="0.001"/>
  <system-out/>
  <testcase classname="com.test.InvocationTest" name="sum" time="0.002"/>
  <system-out/>
  <testcase classname="com.test.InvocationTest" name="sum" time="0.002"/>
  <system-out/>
  <testcase classname="com.test.InvocationTest" name="sum" time="0.001"/>
  <system-out/>
  <testcase classname="com.test.InvocationTest" name="sum" time="0.001"/>
  <system-out/>
  <testcase classname="com.test.InvocationTest" name="sum" time="0.001"/>
  <system-out/>
</testsuite> <!-- com.test.InvocationTest -->
